TN:
SF:/home/gildas/projects/perso/aor-simple-graphql-client/src/buildApolloParams.js
FN:17,(anonymous_0)
FNF:1
FNH:1
FNDA:8,(anonymous_0)
DA:18,8
DA:20,1
DA:33,1
DA:41,1
DA:49,1
DA:57,1
DA:63,1
DA:69,1
DA:77,1
LF:9
LH:9
BRDA:18,0,0,1
BRDA:18,0,1,1
BRDA:18,0,2,1
BRDA:18,0,3,1
BRDA:18,0,4,1
BRDA:18,0,5,1
BRDA:18,0,6,1
BRDA:18,0,7,1
BRF:8
BRH:8
end_of_record
TN:
SF:/home/gildas/projects/perso/aor-simple-graphql-client/src/constants.js
FNF:0
FNH:0
DA:1,1
DA:2,1
DA:3,1
DA:4,1
DA:5,1
DA:6,1
DA:7,1
DA:9,1
DA:10,1
DA:11,1
LF:10
LH:10
BRF:0
BRH:0
end_of_record
TN:
SF:/home/gildas/projects/perso/aor-simple-graphql-client/src/getApolloPromise.js
FN:6,(anonymous_0)
FN:13,(anonymous_1)
FNF:2
FNH:2
FNDA:8,(anonymous_0)
FNDA:8,(anonymous_1)
DA:13,8
DA:14,8
DA:15,4
DA:21,4
DA:22,3
DA:25,1
LF:6
LH:6
BRDA:14,0,0,4
BRDA:14,0,1,4
BRDA:21,1,0,3
BRDA:21,1,1,1
BRF:4
BRH:4
end_of_record
TN:
SF:/home/gildas/projects/perso/aor-simple-graphql-client/src/handleError.js
FN:1,(anonymous_0)
FNF:1
FNH:1
FNDA:3,(anonymous_0)
DA:2,3
DA:3,1
DA:6,2
DA:7,1
DA:10,1
LF:5
LH:5
BRDA:2,0,0,1
BRDA:2,0,1,2
BRDA:2,1,0,3
BRDA:2,1,1,1
BRDA:6,2,0,1
BRDA:6,2,1,1
BRF:6
BRH:6
end_of_record
TN:
SF:/home/gildas/projects/perso/aor-simple-graphql-client/src/parseApolloResponse.js
FN:12,(anonymous_0)
FN:18,(anonymous_1)
FN:28,(anonymous_2)
FN:39,(anonymous_3)
FNF:4
FNH:4
FNDA:8,(anonymous_0)
FNDA:2,(anonymous_1)
FNDA:8,(anonymous_2)
FNDA:1,(anonymous_3)
DA:12,1
DA:13,8
DA:18,1
DA:19,2
DA:29,8
DA:30,8
DA:31,8
DA:33,8
DA:35,2
DA:36,1
DA:38,1
DA:39,1
DA:45,6
LF:13
LH:13
BRDA:13,0,0,5
BRDA:13,0,1,3
BRDA:33,1,0,2
BRDA:33,1,1,6
BRDA:35,2,0,1
BRDA:35,2,1,1
BRF:6
BRH:6
end_of_record
TN:
SF:/home/gildas/projects/perso/aor-simple-graphql-client/src/introspection/fetchSchema.js
FN:4,(anonymous_0)
FN:4,(anonymous_1)
FN:12,(anonymous_2)
FN:13,(anonymous_3)
FNF:4
FNH:4
FNDA:2,(anonymous_0)
FNDA:2,(anonymous_1)
FNDA:2,(anonymous_2)
FNDA:2,(anonymous_3)
DA:4,2
DA:12,2
DA:13,2
LF:3
LH:3
BRF:0
BRH:0
end_of_record
TN:
SF:/home/gildas/projects/perso/aor-simple-graphql-client/src/introspection/filterWithIncludeExclude.js
FN:1,(anonymous_0)
FN:6,(anonymous_1)
FN:10,(anonymous_2)
FN:15,(anonymous_3)
FN:18,(anonymous_4)
FNF:5
FNH:5
FNDA:8,(anonymous_0)
FNDA:4,(anonymous_1)
FNDA:4,(anonymous_2)
FNDA:4,(anonymous_3)
FNDA:17,(anonymous_4)
DA:2,8
DA:4,8
DA:5,2
DA:6,4
DA:9,1
DA:10,4
DA:14,6
DA:15,4
DA:18,17
LF:9
LH:9
BRDA:2,0,0,1
BRDA:2,0,1,7
BRDA:4,1,0,2
BRDA:4,1,1,6
BRDA:5,2,0,1
BRDA:5,2,1,1
BRDA:9,3,0,1
BRDA:9,3,1,0
BRDA:10,4,0,4
BRDA:10,4,1,2
BRDA:14,5,0,1
BRDA:14,5,1,5
BRDA:14,6,0,6
BRDA:14,6,1,2
BRDA:15,7,0,4
BRDA:15,7,1,2
BRF:16
BRH:15
end_of_record
TN:
SF:/home/gildas/projects/perso/aor-simple-graphql-client/src/introspection/index.js
FN:22,(anonymous_0)
FN:23,(anonymous_1)
FN:25,(anonymous_2)
FN:38,(anonymous_3)
FN:39,(anonymous_4)
FN:40,(anonymous_5)
FN:41,(anonymous_6)
FN:42,(anonymous_7)
FN:46,(anonymous_8)
FN:53,(anonymous_9)
FN:69,(anonymous_10)
FNF:11
FNH:6
FNDA:14,(anonymous_0)
FNDA:28,(anonymous_1)
FNDA:35,(anonymous_2)
FNDA:0,(anonymous_3)
FNDA:0,(anonymous_4)
FNDA:0,(anonymous_5)
FNDA:0,(anonymous_6)
FNDA:0,(anonymous_7)
FNDA:8,(anonymous_8)
FNDA:7,(anonymous_9)
FNDA:14,(anonymous_10)
DA:17,1
DA:22,14
DA:23,28
DA:25,35
DA:28,1
DA:38,0
DA:39,0
DA:40,0
DA:41,0
DA:42,0
DA:46,1
DA:53,8
DA:54,7
DA:56,7
DA:57,1
DA:60,7
DA:61,6
DA:64,7
DA:65,7
DA:66,7
DA:67,7
DA:69,14
DA:74,7
DA:76,7
LF:24
LH:19
BRDA:53,0,0,1
BRDA:56,1,0,1
BRDA:56,1,1,6
BRDA:60,2,0,6
BRDA:60,2,1,1
BRF:5
BRH:5
end_of_record
TN:
SF:/home/gildas/projects/perso/aor-simple-graphql-client/src/introspection/isNotGraphqlPrivateType.js
FN:1,(anonymous_0)
FNF:1
FNH:1
FNDA:21,(anonymous_0)
DA:1,21
LF:1
LH:1
BRF:0
BRH:0
end_of_record
TN:
SF:/home/gildas/projects/perso/aor-simple-graphql-client/src/introspection/listMutationsFromSchema.js
FN:3,(anonymous_0)
FN:4,(anonymous_1)
FN:5,(anonymous_2)
FNF:3
FNH:3
FNDA:2,(anonymous_0)
FNDA:2,(anonymous_1)
FNDA:4,(anonymous_2)
DA:3,1
DA:4,2
DA:5,4
LF:3
LH:3
BRDA:4,0,0,1
BRF:1
BRH:1
end_of_record
TN:
SF:/home/gildas/projects/perso/aor-simple-graphql-client/src/introspection/listQueriesFromSchema.js
FN:3,(anonymous_0)
FN:4,(anonymous_1)
FN:5,(anonymous_2)
FNF:3
FNH:3
FNDA:2,(anonymous_0)
FNDA:2,(anonymous_1)
FNDA:4,(anonymous_2)
DA:3,1
DA:4,2
DA:5,4
LF:3
LH:3
BRDA:4,0,0,1
BRF:1
BRH:1
end_of_record
TN:
SF:/home/gildas/projects/perso/aor-simple-graphql-client/src/introspection/listResourcesFromSchema.js
FN:4,(anonymous_0)
FN:6,(anonymous_1)
FN:7,(anonymous_2)
FN:14,(anonymous_3)
FNF:4
FNH:4
FNDA:10,(anonymous_0)
FNDA:2,(anonymous_1)
FNDA:2,(anonymous_2)
FNDA:6,(anonymous_3)
DA:4,10
DA:6,1
DA:7,2
DA:14,6
LF:4
LH:4
BRDA:7,0,0,1
BRF:1
BRH:1
end_of_record
TN:
SF:/home/gildas/projects/perso/aor-simple-graphql-client/src/introspection/buildQueriesForResource/buildFieldList.js
FN:3,(anonymous_0)
FN:6,(anonymous_1)
FN:19,(anonymous_2)
FNF:3
FNH:3
FNDA:3,(anonymous_0)
FNDA:6,(anonymous_1)
FNDA:4,(anonymous_2)
DA:4,3
DA:7,6
DA:8,4
DA:9,2
DA:12,2
DA:13,2
DA:17,2
DA:19,4
LF:8
LH:8
BRDA:7,0,0,4
BRDA:7,0,1,2
BRDA:8,1,0,2
BRDA:8,1,1,2
BRDA:12,2,0,2
BRDA:12,2,1,0
BRF:6
BRH:5
end_of_record
TN:
SF:/home/gildas/projects/perso/aor-simple-graphql-client/src/introspection/buildQueriesForResource/buildQuery.js
FN:3,(anonymous_0)
FN:3,(anonymous_1)
FN:5,(anonymous_2)
FNF:3
FNH:3
FNDA:6,(anonymous_0)
FNDA:5,(anonymous_1)
FNDA:6,(anonymous_2)
DA:3,6
DA:4,5
DA:5,6
DA:7,5
DA:8,1
DA:12,4
DA:13,2
DA:16,4
LF:8
LH:8
BRDA:7,0,0,1
BRDA:7,0,1,4
BRDA:12,1,0,2
BRDA:12,1,1,2
BRF:4
BRH:4
end_of_record
TN:
SF:/home/gildas/projects/perso/aor-simple-graphql-client/src/introspection/buildQueriesForResource/index.js
FN:15,(anonymous_0)
FN:25,(anonymous_1)
FN:34,(anonymous_2)
FN:43,(anonymous_3)
FN:52,(anonymous_4)
FN:60,(anonymous_5)
FN:60,(anonymous_6)
FN:61,(anonymous_7)
FN:62,(anonymous_8)
FN:67,(anonymous_9)
FNF:10
FNH:4
FNDA:0,(anonymous_0)
FNDA:0,(anonymous_1)
FNDA:0,(anonymous_2)
FNDA:0,(anonymous_3)
FNDA:0,(anonymous_4)
FNDA:2,(anonymous_5)
FNDA:2,(anonymous_6)
FNDA:2,(anonymous_7)
FNDA:4,(anonymous_8)
FNDA:0,(anonymous_9)
DA:12,1
DA:15,0
DA:25,0
DA:34,0
DA:43,0
DA:52,0
DA:60,2
DA:61,2
DA:62,4
DA:68,0
LF:10
LH:4
BRF:0
BRH:0
end_of_record
